<?xml version="1.0" encoding="UTF-8"?>
<testsuite xmlns:xsi="http://www.w3.org/2001/XMLSchema-instance" xsi:noNamespaceSchemaLocation="https://maven.apache.org/surefire/maven-surefire-plugin/xsd/surefire-test-report.xsd" version="3.0.2" name="com.POO.tallerRabbitMQ.TallerRabbitMqApplicationTests" time="3.253" tests="1" errors="0" skipped="0" failures="0">
  <properties>
[...]
</properties>
  <testcase name="contextLoads" classname="com.POO.tallerRabbitMQ.TallerRabbitMqApplicationTests" time="0.674">
    <system-out><![CDATA[19:23:21.284 [main] INFO org.springframework.test.context.support.AnnotationConfigContextLoaderUtils -- Could not detect default configuration classes for test class [com.POO.tallerRabbitMQ.TallerRabbitMqApplicationTests]: TallerRabbitMqApplicationTests does not declare any static, non-private, non-final, nested classes annotated with @Configuration.
19:23:21.380 [main] INFO org.springframework.boot.test.context.SpringBootTestContextBootstrapper -- Found @SpringBootConfiguration com.POO.tallerRabbitMQ.TallerRabbitMqApplication for test class com.POO.tallerRabbitMQ.TallerRabbitMqApplicationTests
19:23:21.519 [main] INFO org.springframework.boot.devtools.restart.RestartApplicationListener -- Restart disabled due to context in which it is running

  .   ____          _            __ _ _
 /\\ / ___'_ __ _ _(_)_ __  __ _ \ \ \ \
( ( )\___ | '_ | '_| | '_ \/ _` | \ \ \ \
 \\/  ___)| |_)| | | | | || (_| |  ) ) ) )
  '  |____| .__|_| |_|_| |_\__, | / / / /
 =========|_|==============|___/=/_/_/_/

 :: Spring Boot ::                (v3.4.4)

2025-03-24T19:23:21.788-05:00  INFO 62902 --- [tallerRabbitMQ] [           main] c.P.t.TallerRabbitMqApplicationTests     : Starting TallerRabbitMqApplicationTests using Java 17.0.12 with PID 62902 (started by roa in /home/roa/Documentos/UIS/9no Semestre/Software 3/Taller 1/back/java)
2025-03-24T19:23:21.790-05:00  INFO 62902 --- [tallerRabbitMQ] [           main] c.P.t.TallerRabbitMqApplicationTests     : No active profile set, falling back to 1 default profile: "default"
2025-03-24T19:23:22.983-05:00  INFO 62902 --- [tallerRabbitMQ] [           main] o.s.a.r.c.CachingConnectionFactory       : Attempting to connect to: [localhost:5672]
2025-03-24T19:23:23.026-05:00  INFO 62902 --- [tallerRabbitMQ] [           main] o.s.a.r.c.CachingConnectionFactory       : Created new connection: rabbitConnectionFactory#7affc159:0/SimpleConnection@661fe025 [delegate=amqp://guest@127.0.0.1:5672/, localPort=36238]
2025-03-24T19:23:23.333-05:00  INFO 62902 --- [tallerRabbitMQ] [           main] o.s.v.b.OptionalValidatorFactoryBean     : Failed to set up a Bean Validation provider: jakarta.validation.NoProviderFoundException: Unable to create a Configuration, because no Jakarta Bean Validation provider could be found. Add a provider like Hibernate Validator (RI) to your classpath.
2025-03-24T19:23:23.715-05:00  INFO 62902 --- [tallerRabbitMQ] [           main] c.P.t.TallerRabbitMqApplicationTests     : Started TallerRabbitMqApplicationTests in 2.206 seconds (process running for 2.994)
]]></system-out>
  </testcase>
</testsuite>